Using pre-set license
Built from '2020.3/staging' branch; Version is '2020.3.0f1 (c7b5465681fb) revision 13088070'; Using compiler version '192528614'; Build Type 'Release'
OS: 'Windows 10 Education; OS build 17134.2087; Version 1803; 64bit' Language: 'ru' Physical Memory: 16366 MB
BatchMode: 1, IsHumanControllingUs: 0, StartBugReporterOnCrash: 0, Is64bit: 1, IsPro: 0

 COMMAND LINE ARGUMENTS:
C:\User\Programmes\Unity\2020.3.0f1\Editor\Unity.exe
-adb2
-batchMode
-noUpm
-name
AssetImportWorker0
-projectPath
A:/Games/Unity Scetches/3d Iso/New Unity Project
-logFile
Logs/AssetImportWorker0.log
-srvPort
3773
Successfully changed project path to: A:/Games/Unity Scetches/3d Iso/New Unity Project
A:/Games/Unity Scetches/3d Iso/New Unity Project
Using Asset Import Pipeline V2.
Refreshing native plugins compatible for Editor in 65.99 ms, found 0 plugins.
Preloading 0 native plugins for Editor in 0.00 ms.
Initialize engine version: 2020.3.0f1 (c7b5465681fb)
[Subsystems] Discovering subsystems at path C:/User/Programmes/Unity/2020.3.0f1/Editor/Data/Resources/UnitySubsystems
[Subsystems] Discovering subsystems at path A:/Games/Unity Scetches/3d Iso/New Unity Project/Assets
GfxDevice: creating device client; threaded=0
Direct3D:
    Version:  Direct3D 11.0 [level 11.1]
    Renderer: NVIDIA GeForce GTX 1050 Ti (ID=0x1c82)
    Vendor:   
    VRAM:     4018 MB
    Driver:   27.21.14.6172
Initialize mono
Mono path[0] = 'C:/User/Programmes/Unity/2020.3.0f1/Editor/Data/Managed'
Mono path[1] = 'C:/User/Programmes/Unity/2020.3.0f1/Editor/Data/MonoBleedingEdge/lib/mono/unityjit'
Mono config path = 'C:/User/Programmes/Unity/2020.3.0f1/Editor/Data/MonoBleedingEdge/etc'
Using monoOptions --debugger-agent=transport=dt_socket,embedding=1,server=y,suspend=n,address=127.0.0.1:56572
Begin MonoManager ReloadAssembly
Registering precompiled unity dll's ...
Register platform support module: C:/User/Programmes/Unity/2020.3.0f1/Editor/Data/PlaybackEngines/WindowsStandaloneSupport/UnityEditor.WindowsStandalone.Extensions.dll
Registered in 0.002658 seconds.
Native extension for WindowsStandalone target not found
Refreshing native plugins compatible for Editor in 64.22 ms, found 0 plugins.
Preloading 0 native plugins for Editor in 0.00 ms.
Invoked RoslynAnalysisRunner static constructor.
RoslynAnalysisRunner will not be running.
RoslynAnalysisRunner has terminated.
Mono: successfully reloaded assembly
- Completed reload, in  1.900 seconds
Platform modules already initialized, skipping
Registering precompiled user dll's ...
Registered in 0.001908 seconds.
Begin MonoManager ReloadAssembly
Native extension for WindowsStandalone target not found
Refreshing native plugins compatible for Editor in 67.59 ms, found 0 plugins.
Preloading 0 native plugins for Editor in 0.00 ms.
Invoked RoslynAnalysisRunner static constructor.
RoslynAnalysisRunner will not be running.
RoslynAnalysisRunner has terminated.
Mono: successfully reloaded assembly
- Completed reload, in  1.872 seconds
Platform modules already initialized, skipping
========================================================================
Worker process is ready to serve import requests
Shader 'Universal Render Pipeline/Particles/Lit': fallback shader 'Universal Render Pipeline/Particles/SimpleLit' not found
Shader 'Universal Render Pipeline/Particles/Lit': fallback shader 'Universal Render Pipeline/Particles/SimpleLit' not found
Launched and connected shader compiler UnityShaderCompiler.exe after 0.05 seconds
Refreshing native plugins compatible for Editor in 0.65 ms, found 0 plugins.
Preloading 0 native plugins for Editor in 0.00 ms.
Unloading 2418 Unused Serialized files (Serialized files now loaded: 0)
System memory in use before: 111.5 MB.
System memory in use after: 109.7 MB.

Unloading 41 unused Assets to reduce memory usage. Loaded Objects now: 2830.
Total: 4.929322 ms (FindLiveObjects: 0.523718 ms CreateObjectMapping: 0.135071 ms MarkObjects: 2.447076 ms  DeleteObjects: 1.821928 ms)

========================================================================
Received Import Request.
  path: Assets/CharContoller.cs
  artifactKey: Guid(a0009d4472c48b5449fd75f4cb0f42f5) Importer(815301076,1909f56bfc062723c751e8b465ee728b)
Start importing Assets/CharContoller.cs using Guid(a0009d4472c48b5449fd75f4cb0f42f5) Importer(815301076,1909f56bfc062723c751e8b465ee728b)  -> (artifact id: '521bbd22319c4f717ffcc226df3baf86') in 0.053905 seconds
  Import took 0.058728 seconds .

AssetImportWorkerClient::OnTransportError - code=2 error=End of file
