Using pre-set license
Built from '2020.3/staging' branch; Version is '2020.3.0f1 (c7b5465681fb) revision 13088070'; Using compiler version '192528614'; Build Type 'Release'
OS: 'Windows 10 Education; OS build 17134.2087; Version 1803; 64bit' Language: 'ru' Physical Memory: 16366 MB
BatchMode: 1, IsHumanControllingUs: 0, StartBugReporterOnCrash: 0, Is64bit: 1, IsPro: 0

 COMMAND LINE ARGUMENTS:
C:\User\Programmes\Unity\2020.3.0f1\Editor\Unity.exe
-adb2
-batchMode
-noUpm
-name
AssetImportWorker0
-projectPath
A:/Games/Unity Scetches/3d Iso Fix/New Unity Project
-logFile
Logs/AssetImportWorker0.log
-srvPort
5236
Successfully changed project path to: A:/Games/Unity Scetches/3d Iso Fix/New Unity Project
A:/Games/Unity Scetches/3d Iso Fix/New Unity Project
Using Asset Import Pipeline V2.
Refreshing native plugins compatible for Editor in 108.55 ms, found 0 plugins.
Preloading 0 native plugins for Editor in 0.00 ms.
Initialize engine version: 2020.3.0f1 (c7b5465681fb)
[Subsystems] Discovering subsystems at path C:/User/Programmes/Unity/2020.3.0f1/Editor/Data/Resources/UnitySubsystems
[Subsystems] Discovering subsystems at path A:/Games/Unity Scetches/3d Iso Fix/New Unity Project/Assets
GfxDevice: creating device client; threaded=0
Direct3D:
    Version:  Direct3D 11.0 [level 11.1]
    Renderer: NVIDIA GeForce GTX 1050 Ti (ID=0x1c82)
    Vendor:   
    VRAM:     4018 MB
    Driver:   27.21.14.6172
Initialize mono
Mono path[0] = 'C:/User/Programmes/Unity/2020.3.0f1/Editor/Data/Managed'
Mono path[1] = 'C:/User/Programmes/Unity/2020.3.0f1/Editor/Data/MonoBleedingEdge/lib/mono/unityjit'
Mono config path = 'C:/User/Programmes/Unity/2020.3.0f1/Editor/Data/MonoBleedingEdge/etc'
Using monoOptions --debugger-agent=transport=dt_socket,embedding=1,server=y,suspend=n,address=127.0.0.1:56388
Begin MonoManager ReloadAssembly
Registering precompiled unity dll's ...
Register platform support module: C:/User/Programmes/Unity/2020.3.0f1/Editor/Data/PlaybackEngines/WindowsStandaloneSupport/UnityEditor.WindowsStandalone.Extensions.dll
Registered in 0.003366 seconds.
Native extension for WindowsStandalone target not found
Refreshing native plugins compatible for Editor in 128.87 ms, found 0 plugins.
Preloading 0 native plugins for Editor in 0.00 ms.
Invoked RoslynAnalysisRunner static constructor.
RoslynAnalysisRunner will not be running.
RoslynAnalysisRunner has terminated.
Mono: successfully reloaded assembly
- Completed reload, in  2.641 seconds
Platform modules already initialized, skipping
Registering precompiled user dll's ...
Registered in 0.002863 seconds.
Begin MonoManager ReloadAssembly
Native extension for WindowsStandalone target not found
Refreshing native plugins compatible for Editor in 127.09 ms, found 0 plugins.
Preloading 0 native plugins for Editor in 0.00 ms.
Invoked RoslynAnalysisRunner static constructor.
RoslynAnalysisRunner will not be running.
RoslynAnalysisRunner has terminated.
Mono: successfully reloaded assembly
- Completed reload, in  2.350 seconds
Platform modules already initialized, skipping
========================================================================
Worker process is ready to serve import requests
Shader 'Universal Render Pipeline/Particles/Lit': fallback shader 'Universal Render Pipeline/Particles/SimpleLit' not found
Shader 'Universal Render Pipeline/Particles/Lit': fallback shader 'Universal Render Pipeline/Particles/SimpleLit' not found
Launched and connected shader compiler UnityShaderCompiler.exe after 0.07 seconds
Refreshing native plugins compatible for Editor in 1.02 ms, found 0 plugins.
Preloading 0 native plugins for Editor in 0.00 ms.
Unloading 2896 Unused Serialized files (Serialized files now loaded: 0)
System memory in use before: 135.6 MB.
System memory in use after: 133.8 MB.

Unloading 122 unused Assets to reduce memory usage. Loaded Objects now: 3306.
Total: 9.944274 ms (FindLiveObjects: 0.644008 ms CreateObjectMapping: 0.187060 ms MarkObjects: 5.507833 ms  DeleteObjects: 3.603334 ms)

========================================================================
Received Import Request.
  path: Assets/NewBrush.brush
  artifactKey: Guid(0e1d080ecb781e942b623e7d69bebad5) Importer(815301076,1909f56bfc062723c751e8b465ee728b)
Start importing Assets/NewBrush.brush using Guid(0e1d080ecb781e942b623e7d69bebad5) Importer(815301076,1909f56bfc062723c751e8b465ee728b)  -> (artifact id: 'd9088356d600a7aa63fbb387806a9552') in 0.174998 seconds
  Import took 0.193769 seconds .

========================================================================
Received Import Request.
  Time since last request: 109.456112 seconds.
  path: Assets/FSP/MAST/Images/Axis_X.png
  artifactKey: Guid(ccf6af274cc9bf34baf9d9094d169ba7) Importer(815301076,1909f56bfc062723c751e8b465ee728b)
Start importing Assets/FSP/MAST/Images/Axis_X.png using Guid(ccf6af274cc9bf34baf9d9094d169ba7) Importer(815301076,1909f56bfc062723c751e8b465ee728b)  -> (artifact id: '7d39013c4c206446baa3258711359789') in 0.052948 seconds
  Import took 0.073475 seconds .

========================================================================
Received Import Request.
  Time since last request: 0.000372 seconds.
  path: Assets/FSP/MAST/Images/Axis_Z.png
  artifactKey: Guid(e59aa919ede3e3745a6d5007664e331e) Importer(815301076,1909f56bfc062723c751e8b465ee728b)
Start importing Assets/FSP/MAST/Images/Axis_Z.png using Guid(e59aa919ede3e3745a6d5007664e331e) Importer(815301076,1909f56bfc062723c751e8b465ee728b)  -> (artifact id: '0b1f1cf585fa3313c8a6480eb3142898') in 0.009497 seconds
  Import took 0.016191 seconds .

========================================================================
Received Import Request.
  Time since last request: 0.000303 seconds.
  path: Assets/FSP/MAST/Images/Axis_Y.png
  artifactKey: Guid(941ef3c53ad7ad34c94e413dce5fcfaa) Importer(815301076,1909f56bfc062723c751e8b465ee728b)
Start importing Assets/FSP/MAST/Images/Axis_Y.png using Guid(941ef3c53ad7ad34c94e413dce5fcfaa) Importer(815301076,1909f56bfc062723c751e8b465ee728b)  -> (artifact id: 'c40f4c9bc8d40d049349b9b7d1b913aa') in 0.011220 seconds
  Import took 0.018599 seconds .

========================================================================
Received Import Request.
  Time since last request: 0.000317 seconds.
  path: Assets/FSP/MAST/Images/Axis_X.png
  artifactKey: Guid(ccf6af274cc9bf34baf9d9094d169ba7) Importer(815301076,1909f56bfc062723c751e8b465ee728b)
Start importing Assets/FSP/MAST/Images/Axis_X.png using Guid(ccf6af274cc9bf34baf9d9094d169ba7) Importer(815301076,1909f56bfc062723c751e8b465ee728b)  -> (artifact id: '7d39013c4c206446baa3258711359789') in 0.008950 seconds
  Import took 0.014634 seconds .

========================================================================
Received Import Request.
  Time since last request: 2.936351 seconds.
  path: Assets/NewBrush 1.brush
  artifactKey: Guid(3a5c60a49ef506c4798af8208163d311) Importer(815301076,1909f56bfc062723c751e8b465ee728b)
Start importing Assets/NewBrush 1.brush using Guid(3a5c60a49ef506c4798af8208163d311) Importer(815301076,1909f56bfc062723c751e8b465ee728b)  -> (artifact id: 'b1b1967c52edf04cd28f44f99172a4d7') in 0.012348 seconds
  Import took 0.027886 seconds .

========================================================================
Received Import Request.
  Time since last request: 0.006184 seconds.
  path: Assets/NewBrush 1.brush
  artifactKey: Guid(3a5c60a49ef506c4798af8208163d311) Importer(815301076,1909f56bfc062723c751e8b465ee728b)
Start importing Assets/NewBrush 1.brush using Guid(3a5c60a49ef506c4798af8208163d311) Importer(815301076,1909f56bfc062723c751e8b465ee728b)  -> (artifact id: 'b1b1967c52edf04cd28f44f99172a4d7') in 0.010993 seconds
  Import took 0.017492 seconds .

========================================================================
Received Import Request.
  Time since last request: 5.787245 seconds.
  path: Assets/FSP/Modular Pixel Forest/Prefabs/Props/_MAST_Thumbnails/Boulder.png
  artifactKey: Guid(d15c67f2276d0c84180c9e1c39abef0a) Importer(815301076,1909f56bfc062723c751e8b465ee728b)
Start importing Assets/FSP/Modular Pixel Forest/Prefabs/Props/_MAST_Thumbnails/Boulder.png using Guid(d15c67f2276d0c84180c9e1c39abef0a) Importer(815301076,1909f56bfc062723c751e8b465ee728b)  -> (artifact id: 'd7ff36ab2e81960080bdd3f9d5ddbd25') in 0.007855 seconds
  Import took 0.014666 seconds .

========================================================================
Received Import Request.
  Time since last request: 0.003535 seconds.
  path: Assets/FSP/Modular Pixel Forest/Prefabs/Props/_MAST_Thumbnails/Boulder.png
  artifactKey: Guid(d15c67f2276d0c84180c9e1c39abef0a) Importer(815301076,1909f56bfc062723c751e8b465ee728b)
Start importing Assets/FSP/Modular Pixel Forest/Prefabs/Props/_MAST_Thumbnails/Boulder.png using Guid(d15c67f2276d0c84180c9e1c39abef0a) Importer(815301076,1909f56bfc062723c751e8b465ee728b)  -> (artifact id: 'd7ff36ab2e81960080bdd3f9d5ddbd25') in 0.007326 seconds
  Import took 0.015447 seconds .

========================================================================
Received Import Request.
  Time since last request: 0.000315 seconds.
  path: Assets/FSP/Modular Pixel Forest/Materials/Props/_MAST_Thumbnails/Boulder.png
  artifactKey: Guid(963a35d04c7556f498f7095196fae793) Importer(815301076,1909f56bfc062723c751e8b465ee728b)
Start importing Assets/FSP/Modular Pixel Forest/Materials/Props/_MAST_Thumbnails/Boulder.png using Guid(963a35d04c7556f498f7095196fae793) Importer(815301076,1909f56bfc062723c751e8b465ee728b)  -> (artifact id: '02532a70bab338ebe9b0a559fecaf489') in 0.009009 seconds
  Import took 0.027392 seconds .

========================================================================
Received Import Request.
  Time since last request: 2.655428 seconds.
  path: Assets/FSP/Modular Pixel Forest/Materials/Props/_MAST_Thumbnails/Boulder Snow.png
  artifactKey: Guid(9e5b9e6e802d70b4fba2b200a536ae33) Importer(815301076,1909f56bfc062723c751e8b465ee728b)
Start importing Assets/FSP/Modular Pixel Forest/Materials/Props/_MAST_Thumbnails/Boulder Snow.png using Guid(9e5b9e6e802d70b4fba2b200a536ae33) Importer(815301076,1909f56bfc062723c751e8b465ee728b)  -> (artifact id: 'c36d4316e13696844ea56670f68f9b5d') in 0.007174 seconds
  Import took 0.014402 seconds .

========================================================================
Received Import Request.
  Time since last request: 4.895437 seconds.
  path: Assets/NewBrush 2.brush
  artifactKey: Guid(caaf75568d3b86b48b856b01ecb0cbeb) Importer(815301076,1909f56bfc062723c751e8b465ee728b)
Start importing Assets/NewBrush 2.brush using Guid(caaf75568d3b86b48b856b01ecb0cbeb) Importer(815301076,1909f56bfc062723c751e8b465ee728b)  -> (artifact id: 'feec45003dcf6a85639de5d64ffe0eae') in 0.011178 seconds
  Import took 0.023725 seconds .

========================================================================
Received Import Request.
  Time since last request: 0.019952 seconds.
  path: Assets/NewBrush 2.brush
  artifactKey: Guid(caaf75568d3b86b48b856b01ecb0cbeb) Importer(815301076,1909f56bfc062723c751e8b465ee728b)
Start importing Assets/NewBrush 2.brush using Guid(caaf75568d3b86b48b856b01ecb0cbeb) Importer(815301076,1909f56bfc062723c751e8b465ee728b)  -> (artifact id: 'feec45003dcf6a85639de5d64ffe0eae') in 0.009363 seconds
  Import took 0.017179 seconds .

========================================================================
Received Prepare
Registering precompiled user dll's ...
Registered in 0.002219 seconds.
Begin MonoManager ReloadAssembly
Native extension for WindowsStandalone target not found
Refreshing native plugins compatible for Editor in 0.99 ms, found 0 plugins.
Preloading 0 native plugins for Editor in 0.00 ms.
Warning: Annotation not found!
UnityEngine.StackTraceUtility:ExtractStackTrace ()
UnityEditor.ProBuilder.EditorUtility:SetGizmoIconEnabled (System.Type,bool) (at Library/PackageCache/com.unity.probuilder@5.0.1/Editor/EditorCore/EditorUtility.cs:575)
UnityEditor.ProBuilder.HierarchyListener:.cctor () (at Library/PackageCache/com.unity.probuilder@5.0.1/Editor/EditorCore/HierarchyListener.cs:21)
System.Runtime.CompilerServices.RuntimeHelpers:RunClassConstructor (System.RuntimeTypeHandle)
UnityEditor.EditorAssemblies:ProcessInitializeOnLoadAttributes (System.Type[])

[Library/PackageCache/com.unity.probuilder@5.0.1/Editor/EditorCore/EditorUtility.cs line 575]

Invoked RoslynAnalysisRunner static constructor.
RoslynAnalysisRunner will not be running.
RoslynAnalysisRunner has terminated.
Mono: successfully reloaded assembly
- Completed reload, in  2.058 seconds
Platform modules already initialized, skipping
Shader 'Universal Render Pipeline/Particles/Lit': fallback shader 'Universal Render Pipeline/Particles/SimpleLit' not found
Shader 'Universal Render Pipeline/Particles/Lit': fallback shader 'Universal Render Pipeline/Particles/SimpleLit' not found
Refreshing native plugins compatible for Editor in 0.88 ms, found 0 plugins.
Preloading 0 native plugins for Editor in 0.00 ms.
Unloading 2783 Unused Serialized files (Serialized files now loaded: 0)
System memory in use before: 132.2 MB.
System memory in use after: 130.6 MB.

Unloading 39 unused Assets to reduce memory usage. Loaded Objects now: 3323.
Total: 6.798397 ms (FindLiveObjects: 0.598644 ms CreateObjectMapping: 0.155459 ms MarkObjects: 3.816899 ms  DeleteObjects: 2.225611 ms)

========================================================================
Received Import Request.
  Time since last request: 94.704767 seconds.
  path: Assets/New Terrain.asset
  artifactKey: Guid(e5684b00b31ca0046b52db11d089bcd9) Importer(815301076,1909f56bfc062723c751e8b465ee728b)
Start importing Assets/New Terrain.asset using Guid(e5684b00b31ca0046b52db11d089bcd9) Importer(815301076,1909f56bfc062723c751e8b465ee728b)  -> (artifact id: '82b3546033fa24a15bcc21ad83c870eb') in 0.038155 seconds
  Import took 0.052395 seconds .

========================================================================
Received Prepare
Registering precompiled user dll's ...
Registered in 0.002438 seconds.
Begin MonoManager ReloadAssembly
Native extension for WindowsStandalone target not found
Refreshing native plugins compatible for Editor in 0.97 ms, found 0 plugins.
Preloading 0 native plugins for Editor in 0.00 ms.
Warning: Annotation not found!
UnityEngine.StackTraceUtility:ExtractStackTrace ()
UnityEditor.ProBuilder.EditorUtility:SetGizmoIconEnabled (System.Type,bool) (at Library/PackageCache/com.unity.probuilder@5.0.1/Editor/EditorCore/EditorUtility.cs:575)
UnityEditor.ProBuilder.HierarchyListener:.cctor () (at Library/PackageCache/com.unity.probuilder@5.0.1/Editor/EditorCore/HierarchyListener.cs:21)
System.Runtime.CompilerServices.RuntimeHelpers:RunClassConstructor (System.RuntimeTypeHandle)
UnityEditor.EditorAssemblies:ProcessInitializeOnLoadAttributes (System.Type[])

[Library/PackageCache/com.unity.probuilder@5.0.1/Editor/EditorCore/EditorUtility.cs line 575]

Invoked RoslynAnalysisRunner static constructor.
RoslynAnalysisRunner will not be running.
RoslynAnalysisRunner has terminated.
Mono: successfully reloaded assembly
- Completed reload, in  1.613 seconds
Platform modules already initialized, skipping
Shader 'Universal Render Pipeline/Particles/Lit': fallback shader 'Universal Render Pipeline/Particles/SimpleLit' not found
Shader 'Universal Render Pipeline/Particles/Lit': fallback shader 'Universal Render Pipeline/Particles/SimpleLit' not found
Refreshing native plugins compatible for Editor in 0.89 ms, found 0 plugins.
Preloading 0 native plugins for Editor in 0.00 ms.
Unloading 2789 Unused Serialized files (Serialized files now loaded: 0)
System memory in use before: 133.8 MB.
System memory in use after: 132.7 MB.

Unloading 31 unused Assets to reduce memory usage. Loaded Objects now: 3341.
Total: 4.927793 ms (FindLiveObjects: 0.579276 ms CreateObjectMapping: 0.159791 ms MarkObjects: 2.926196 ms  DeleteObjects: 1.260746 ms)

AssetImportWorkerClient::OnTransportError - code=2 error=End of file
