Using pre-set license
Built from '2020.3/staging' branch; Version is '2020.3.0f1 (c7b5465681fb) revision 13088070'; Using compiler version '192528614'; Build Type 'Release'
OS: 'Windows 10 Education; OS build 17134.2087; Version 1803; 64bit' Language: 'ru' Physical Memory: 16366 MB
BatchMode: 1, IsHumanControllingUs: 0, StartBugReporterOnCrash: 0, Is64bit: 1, IsPro: 0

 COMMAND LINE ARGUMENTS:
C:\User\Programmes\Unity\2020.3.0f1\Editor\Unity.exe
-adb2
-batchMode
-noUpm
-name
AssetImportWorker0
-projectPath
A:/Games/Unity Scetches/Cckckck/Map Gen
-logFile
Logs/AssetImportWorker0.log
-srvPort
7403
Successfully changed project path to: A:/Games/Unity Scetches/Cckckck/Map Gen
A:/Games/Unity Scetches/Cckckck/Map Gen
Using Asset Import Pipeline V2.
Refreshing native plugins compatible for Editor in 114.23 ms, found 0 plugins.
Preloading 0 native plugins for Editor in 0.00 ms.
Initialize engine version: 2020.3.0f1 (c7b5465681fb)
[Subsystems] Discovering subsystems at path C:/User/Programmes/Unity/2020.3.0f1/Editor/Data/Resources/UnitySubsystems
[Subsystems] Discovering subsystems at path A:/Games/Unity Scetches/Cckckck/Map Gen/Assets
GfxDevice: creating device client; threaded=0
Direct3D:
    Version:  Direct3D 11.0 [level 11.1]
    Renderer: NVIDIA GeForce GTX 1050 Ti (ID=0x1c82)
    Vendor:   
    VRAM:     4018 MB
    Driver:   27.21.14.6172
Initialize mono
Mono path[0] = 'C:/User/Programmes/Unity/2020.3.0f1/Editor/Data/Managed'
Mono path[1] = 'C:/User/Programmes/Unity/2020.3.0f1/Editor/Data/MonoBleedingEdge/lib/mono/unityjit'
Mono config path = 'C:/User/Programmes/Unity/2020.3.0f1/Editor/Data/MonoBleedingEdge/etc'
Using monoOptions --debugger-agent=transport=dt_socket,embedding=1,server=y,suspend=n,address=127.0.0.1:56472
Begin MonoManager ReloadAssembly
Registering precompiled unity dll's ...
Register platform support module: C:/User/Programmes/Unity/2020.3.0f1/Editor/Data/PlaybackEngines/WindowsStandaloneSupport/UnityEditor.WindowsStandalone.Extensions.dll
Registered in 0.002551 seconds.
Native extension for WindowsStandalone target not found
Refreshing native plugins compatible for Editor in 114.84 ms, found 0 plugins.
Preloading 0 native plugins for Editor in 0.00 ms.
Invoked RoslynAnalysisRunner static constructor.
RoslynAnalysisRunner will not be running.
RoslynAnalysisRunner has terminated.
Mono: successfully reloaded assembly
- Completed reload, in  2.112 seconds
Platform modules already initialized, skipping
Registering precompiled user dll's ...
Registered in 0.002110 seconds.
Begin MonoManager ReloadAssembly
Native extension for WindowsStandalone target not found
Refreshing native plugins compatible for Editor in 1.09 ms, found 0 plugins.
Preloading 0 native plugins for Editor in 0.00 ms.
Invoked RoslynAnalysisRunner static constructor.
RoslynAnalysisRunner will not be running.
RoslynAnalysisRunner has terminated.
Mono: successfully reloaded assembly
- Completed reload, in  2.849 seconds
Platform modules already initialized, skipping
========================================================================
Worker process is ready to serve import requests
Launched and connected shader compiler UnityShaderCompiler.exe after 0.05 seconds
Refreshing native plugins compatible for Editor in 1.13 ms, found 0 plugins.
Preloading 0 native plugins for Editor in 0.00 ms.
Unloading 1995 Unused Serialized files (Serialized files now loaded: 0)
System memory in use before: 184.3 MB.
System memory in use after: 184.1 MB.

Unloading 89 unused Assets to reduce memory usage. Loaded Objects now: 2455.
Total: 5.377596 ms (FindLiveObjects: 0.424071 ms CreateObjectMapping: 0.102450 ms MarkObjects: 4.393110 ms  DeleteObjects: 0.456692 ms)

========================================================================
Received Import Request.
  path: Assets/AnimationInput.cs
  artifactKey: Guid(4ad8f7f4be6e4a34c8d30bf9f3425ee3) Importer(815301076,1909f56bfc062723c751e8b465ee728b)
Start importing Assets/AnimationInput.cs using Guid(4ad8f7f4be6e4a34c8d30bf9f3425ee3) Importer(815301076,1909f56bfc062723c751e8b465ee728b)  -> (artifact id: 'b1534e5ca47b8277d7bd33e385ac5888') in 0.090337 seconds
  Import took 0.095444 seconds .

========================================================================
Received Import Request.
  Time since last request: 71.248235 seconds.
  path: Assets/Character_Elf
  artifactKey: Guid(b8106de3b69a32e4aa9ca13429b89853) Importer(815301076,1909f56bfc062723c751e8b465ee728b)
Start importing Assets/Character_Elf using Guid(b8106de3b69a32e4aa9ca13429b89853) Importer(815301076,1909f56bfc062723c751e8b465ee728b)  -> (artifact id: '46f381601707967e8e53327c4721a761') in 0.002725 seconds
  Import took 0.009348 seconds .

========================================================================
Received Import Request.
  Time since last request: 5.450729 seconds.
  path: Assets/Character_Elf/Mesh
  artifactKey: Guid(7d14f05552072a24aabf28ac251deb8b) Importer(815301076,1909f56bfc062723c751e8b465ee728b)
Start importing Assets/Character_Elf/Mesh using Guid(7d14f05552072a24aabf28ac251deb8b) Importer(815301076,1909f56bfc062723c751e8b465ee728b)  -> (artifact id: 'de363197a48c4d0a2ed9b2b2fc24a695') in 0.002661 seconds
  Import took 0.007712 seconds .

========================================================================
Received Import Request.
  Time since last request: 0.122214 seconds.
  path: Assets/Character_Elf/Mesh/Elf_Mesh.FBX
  artifactKey: Guid(8909e7aa923862f4abbfd053c0f0088e) Importer(815301076,1909f56bfc062723c751e8b465ee728b)
Start importing Assets/Character_Elf/Mesh/Elf_Mesh.FBX using Guid(8909e7aa923862f4abbfd053c0f0088e) Importer(815301076,1909f56bfc062723c751e8b465ee728b)  -> (artifact id: '9f3786955e029088eb544c50e4fd8a39') in 0.258267 seconds
  Import took 0.263921 seconds .

========================================================================
Received Import Request.
  Time since last request: 3.462531 seconds.
  path: Assets/Character_Elf/Mesh/Shooting Flying0.anim
  artifactKey: Guid(915d17ec973ca3449a82eeb8dc6065c0) Importer(815301076,1909f56bfc062723c751e8b465ee728b)
Start importing Assets/Character_Elf/Mesh/Shooting Flying0.anim using Guid(915d17ec973ca3449a82eeb8dc6065c0) Importer(815301076,1909f56bfc062723c751e8b465ee728b)  -> (artifact id: '165d086aeb27828fce5791cce1466c2d') in 0.021178 seconds
  Import took 0.026388 seconds .

========================================================================
Received Import Request.
  Time since last request: 0.038105 seconds.
  path: Assets/Character_Elf/Mesh/Shooting Flying0.anim
  artifactKey: Guid(915d17ec973ca3449a82eeb8dc6065c0) Importer(815301076,1909f56bfc062723c751e8b465ee728b)
Start importing Assets/Character_Elf/Mesh/Shooting Flying0.anim using Guid(915d17ec973ca3449a82eeb8dc6065c0) Importer(815301076,1909f56bfc062723c751e8b465ee728b)  -> (artifact id: '165d086aeb27828fce5791cce1466c2d') in 0.026038 seconds
  Import took 0.031910 seconds .

========================================================================
Received Import Request.
  Time since last request: 50.676496 seconds.
  path: Assets/Character_Elf/Mesh/Shooting Flying1 0.anim
  artifactKey: Guid(58c8dfd2b2ed11640becbec9ae6b9c6c) Importer(815301076,1909f56bfc062723c751e8b465ee728b)
Start importing Assets/Character_Elf/Mesh/Shooting Flying1 0.anim using Guid(58c8dfd2b2ed11640becbec9ae6b9c6c) Importer(815301076,1909f56bfc062723c751e8b465ee728b)  -> (artifact id: '5096fcb2614aa8482dd63eb0c775ad8a') in 0.092396 seconds
  Import took 0.141811 seconds .

========================================================================
Received Import Request.
  Time since last request: 5.131314 seconds.
  path: Assets/Character_Elf/Mesh/Shooting Flying1.anim
  artifactKey: Guid(47de9fba2046d3d45904786dae8ca6df) Importer(815301076,1909f56bfc062723c751e8b465ee728b)
Start importing Assets/Character_Elf/Mesh/Shooting Flying1.anim using Guid(47de9fba2046d3d45904786dae8ca6df) Importer(815301076,1909f56bfc062723c751e8b465ee728b)  -> (artifact id: '1532ea6100124ae46a53190e54fc201b') in 0.017474 seconds
  Import took 0.024448 seconds .

========================================================================
Received Import Request.
  Time since last request: 1.830557 seconds.
  path: Assets/Character_Elf/Mesh/Shooting FlyingFrwrd 1.anim
  artifactKey: Guid(6b388a0bae475274da46025a7e0b928c) Importer(815301076,1909f56bfc062723c751e8b465ee728b)
Start importing Assets/Character_Elf/Mesh/Shooting FlyingFrwrd 1.anim using Guid(6b388a0bae475274da46025a7e0b928c) Importer(815301076,1909f56bfc062723c751e8b465ee728b)  -> (artifact id: '51be14827ec03bfbcc91588b538e1232') in 0.016119 seconds
  Import took 0.022926 seconds .

========================================================================
Received Import Request.
  Time since last request: 20.085076 seconds.
  path: Assets/Character_Elf/Mesh/Shooting FlyingFrwrd 10.anim
  artifactKey: Guid(06928dd80ddef0a4593b7c282cf934f7) Importer(815301076,1909f56bfc062723c751e8b465ee728b)
Start importing Assets/Character_Elf/Mesh/Shooting FlyingFrwrd 10.anim using Guid(06928dd80ddef0a4593b7c282cf934f7) Importer(815301076,1909f56bfc062723c751e8b465ee728b)  -> (artifact id: '977d35b3fbed89d09db9afebc4dfd14d') in 0.020580 seconds
  Import took 0.027975 seconds .

========================================================================
Received Import Request.
  Time since last request: 480.087409 seconds.
  path: Assets/Character_Elf/Mesh/Shooting FlyingFrwrd0.anim
  artifactKey: Guid(bcb201187ef253f419420416bbc71724) Importer(815301076,1909f56bfc062723c751e8b465ee728b)
Start importing Assets/Character_Elf/Mesh/Shooting FlyingFrwrd0.anim using Guid(bcb201187ef253f419420416bbc71724) Importer(815301076,1909f56bfc062723c751e8b465ee728b)  -> (artifact id: '824cff5c745aa4fb1cd478449ce5fbf9') in 0.019550 seconds
  Import took 0.026751 seconds .

========================================================================
Received Import Request.
  Time since last request: 2.782586 seconds.
  path: Assets/Character_Elf/Mesh/Shooting FlyingFrwrd 1.anim
  artifactKey: Guid(6b388a0bae475274da46025a7e0b928c) Importer(815301076,1909f56bfc062723c751e8b465ee728b)
Start importing Assets/Character_Elf/Mesh/Shooting FlyingFrwrd 1.anim using Guid(6b388a0bae475274da46025a7e0b928c) Importer(815301076,1909f56bfc062723c751e8b465ee728b)  -> (artifact id: 'f51c4df6ad20e100d2689fad236d1975') in 0.019322 seconds
  Import took 0.028920 seconds .

========================================================================
Received Prepare
Registering precompiled user dll's ...
Registered in 0.004525 seconds.
Begin MonoManager ReloadAssembly
Native extension for WindowsStandalone target not found
Refreshing native plugins compatible for Editor in 1.15 ms, found 0 plugins.
Preloading 0 native plugins for Editor in 0.00 ms.
Warning: Annotation not found!
UnityEngine.StackTraceUtility:ExtractStackTrace ()
UnityEditor.ProBuilder.EditorUtility:SetGizmoIconEnabled (System.Type,bool) (at Library/PackageCache/com.unity.probuilder@5.0.1/Editor/EditorCore/EditorUtility.cs:575)
UnityEditor.ProBuilder.HierarchyListener:.cctor () (at Library/PackageCache/com.unity.probuilder@5.0.1/Editor/EditorCore/HierarchyListener.cs:21)
System.Runtime.CompilerServices.RuntimeHelpers:RunClassConstructor (System.RuntimeTypeHandle)
UnityEditor.EditorAssemblies:ProcessInitializeOnLoadAttributes (System.Type[])

[Library/PackageCache/com.unity.probuilder@5.0.1/Editor/EditorCore/EditorUtility.cs line 575]

Invoked RoslynAnalysisRunner static constructor.
RoslynAnalysisRunner will not be running.
RoslynAnalysisRunner has terminated.
Mono: successfully reloaded assembly
- Completed reload, in  2.174 seconds
Platform modules already initialized, skipping
Refreshing native plugins compatible for Editor in 1.11 ms, found 0 plugins.
Preloading 0 native plugins for Editor in 0.00 ms.
Unloading 1958 Unused Serialized files (Serialized files now loaded: 0)
System memory in use before: 199.1 MB.
System memory in use after: 198.9 MB.

Unloading 10 unused Assets to reduce memory usage. Loaded Objects now: 2502.
Total: 4.616359 ms (FindLiveObjects: 0.455163 ms CreateObjectMapping: 0.100921 ms MarkObjects: 3.789114 ms  DeleteObjects: 0.269377 ms)

========================================================================
Received Import Request.
  Time since last request: 732.334802 seconds.
  path: Assets/Character_Elf/Mesh/For new anim
  artifactKey: Guid(aa231e1181e65ca40993fed08ec2ba62) Importer(815301076,1909f56bfc062723c751e8b465ee728b)
Start importing Assets/Character_Elf/Mesh/For new anim using Guid(aa231e1181e65ca40993fed08ec2ba62) Importer(815301076,1909f56bfc062723c751e8b465ee728b)  -> (artifact id: '6ea7758e2fb56cb637e1243ff38141c8') in 0.006658 seconds
  Import took 0.012678 seconds .

========================================================================
Received Import Request.
  Time since last request: 0.081263 seconds.
  path: Assets/Character_Elf/Mesh/For new anim/For new anim.FBX
  artifactKey: Guid(f8eedf20a66822f43ab259af08122812) Importer(815301076,1909f56bfc062723c751e8b465ee728b)
Start importing Assets/Character_Elf/Mesh/For new anim/For new anim.FBX using Guid(f8eedf20a66822f43ab259af08122812) Importer(815301076,1909f56bfc062723c751e8b465ee728b)  -> (artifact id: 'f0c20dcf57ee7e9081bf291746f8cc4b') in 0.150158 seconds
  Import took 0.163909 seconds .

========================================================================
Received Import Request.
  Time since last request: 40.842069 seconds.
  path: Assets/Character_Elf/Mesh/For new anim/For new anim.controller
  artifactKey: Guid(b6bd03802e12f9045bf6ffc3540c7d54) Importer(815301076,1909f56bfc062723c751e8b465ee728b)
Start importing Assets/Character_Elf/Mesh/For new anim/For new anim.controller using Guid(b6bd03802e12f9045bf6ffc3540c7d54) Importer(815301076,1909f56bfc062723c751e8b465ee728b)  -> (artifact id: '83a69df6ef6050774fa0b6622f978776') in 0.020997 seconds
  Import took 0.026107 seconds .

========================================================================
Received Import Request.
  Time since last request: 0.044208 seconds.
  path: Assets/Character_Elf/Mesh/For new anim/For new anim.controller
  artifactKey: Guid(b6bd03802e12f9045bf6ffc3540c7d54) Importer(815301076,1909f56bfc062723c751e8b465ee728b)
Start importing Assets/Character_Elf/Mesh/For new anim/For new anim.controller using Guid(b6bd03802e12f9045bf6ffc3540c7d54) Importer(815301076,1909f56bfc062723c751e8b465ee728b)  -> (artifact id: '83a69df6ef6050774fa0b6622f978776') in 0.024522 seconds
  Import took 0.030873 seconds .

========================================================================
Received Import Request.
  Time since last request: 11.274637 seconds.
  path: Assets/Character_Elf/Mesh/FlyingFrwrd.anim
  artifactKey: Guid(842acad8883ff184085edff7676aae22) Importer(815301076,1909f56bfc062723c751e8b465ee728b)
Start importing Assets/Character_Elf/Mesh/FlyingFrwrd.anim using Guid(842acad8883ff184085edff7676aae22) Importer(815301076,1909f56bfc062723c751e8b465ee728b)  -> (artifact id: '415dbce0794b1c537ffe5c04e54521d9') in 0.022653 seconds
  Import took 0.029393 seconds .

========================================================================
Received Prepare
Registering precompiled user dll's ...
Registered in 0.002228 seconds.
Begin MonoManager ReloadAssembly
Native extension for WindowsStandalone target not found
Refreshing native plugins compatible for Editor in 1.10 ms, found 0 plugins.
Preloading 0 native plugins for Editor in 0.00 ms.
Warning: Annotation not found!
UnityEngine.StackTraceUtility:ExtractStackTrace ()
UnityEditor.ProBuilder.EditorUtility:SetGizmoIconEnabled (System.Type,bool) (at Library/PackageCache/com.unity.probuilder@5.0.1/Editor/EditorCore/EditorUtility.cs:575)
UnityEditor.ProBuilder.HierarchyListener:.cctor () (at Library/PackageCache/com.unity.probuilder@5.0.1/Editor/EditorCore/HierarchyListener.cs:21)
System.Runtime.CompilerServices.RuntimeHelpers:RunClassConstructor (System.RuntimeTypeHandle)
UnityEditor.EditorAssemblies:ProcessInitializeOnLoadAttributes (System.Type[])

[Library/PackageCache/com.unity.probuilder@5.0.1/Editor/EditorCore/EditorUtility.cs line 575]

Invoked RoslynAnalysisRunner static constructor.
RoslynAnalysisRunner will not be running.
RoslynAnalysisRunner has terminated.
Mono: successfully reloaded assembly
- Completed reload, in  1.720 seconds
Platform modules already initialized, skipping
Refreshing native plugins compatible for Editor in 1.11 ms, found 0 plugins.
Preloading 0 native plugins for Editor in 0.00 ms.
Unloading 1958 Unused Serialized files (Serialized files now loaded: 0)
System memory in use before: 199.2 MB.
System memory in use after: 199.0 MB.

Unloading 10 unused Assets to reduce memory usage. Loaded Objects now: 2506.
Total: 5.686730 ms (FindLiveObjects: 0.486000 ms CreateObjectMapping: 0.197509 ms MarkObjects: 4.473897 ms  DeleteObjects: 0.527030 ms)

========================================================================
Received Prepare
Registering precompiled user dll's ...
Registered in 0.002141 seconds.
Begin MonoManager ReloadAssembly
Native extension for WindowsStandalone target not found
Refreshing native plugins compatible for Editor in 1.11 ms, found 0 plugins.
Preloading 0 native plugins for Editor in 0.00 ms.
Warning: Annotation not found!
UnityEngine.StackTraceUtility:ExtractStackTrace ()
UnityEditor.ProBuilder.EditorUtility:SetGizmoIconEnabled (System.Type,bool) (at Library/PackageCache/com.unity.probuilder@5.0.1/Editor/EditorCore/EditorUtility.cs:575)
UnityEditor.ProBuilder.HierarchyListener:.cctor () (at Library/PackageCache/com.unity.probuilder@5.0.1/Editor/EditorCore/HierarchyListener.cs:21)
System.Runtime.CompilerServices.RuntimeHelpers:RunClassConstructor (System.RuntimeTypeHandle)
UnityEditor.EditorAssemblies:ProcessInitializeOnLoadAttributes (System.Type[])

[Library/PackageCache/com.unity.probuilder@5.0.1/Editor/EditorCore/EditorUtility.cs line 575]

Invoked RoslynAnalysisRunner static constructor.
RoslynAnalysisRunner will not be running.
RoslynAnalysisRunner has terminated.
Mono: successfully reloaded assembly
- Completed reload, in  1.572 seconds
Platform modules already initialized, skipping
Refreshing native plugins compatible for Editor in 1.04 ms, found 0 plugins.
Preloading 0 native plugins for Editor in 0.00 ms.
Unloading 1958 Unused Serialized files (Serialized files now loaded: 0)
System memory in use before: 199.2 MB.
System memory in use after: 199.0 MB.

Unloading 10 unused Assets to reduce memory usage. Loaded Objects now: 2509.
Total: 4.536081 ms (FindLiveObjects: 0.448537 ms CreateObjectMapping: 0.106018 ms MarkObjects: 3.627539 ms  DeleteObjects: 0.351948 ms)

========================================================================
Received Prepare
Registering precompiled user dll's ...
Registered in 0.002161 seconds.
Begin MonoManager ReloadAssembly
Native extension for WindowsStandalone target not found
Refreshing native plugins compatible for Editor in 0.99 ms, found 0 plugins.
Preloading 0 native plugins for Editor in 0.00 ms.
Warning: Annotation not found!
UnityEngine.StackTraceUtility:ExtractStackTrace ()
UnityEditor.ProBuilder.EditorUtility:SetGizmoIconEnabled (System.Type,bool) (at Library/PackageCache/com.unity.probuilder@5.0.1/Editor/EditorCore/EditorUtility.cs:575)
UnityEditor.ProBuilder.HierarchyListener:.cctor () (at Library/PackageCache/com.unity.probuilder@5.0.1/Editor/EditorCore/HierarchyListener.cs:21)
System.Runtime.CompilerServices.RuntimeHelpers:RunClassConstructor (System.RuntimeTypeHandle)
UnityEditor.EditorAssemblies:ProcessInitializeOnLoadAttributes (System.Type[])

[Library/PackageCache/com.unity.probuilder@5.0.1/Editor/EditorCore/EditorUtility.cs line 575]

Invoked RoslynAnalysisRunner static constructor.
RoslynAnalysisRunner will not be running.
RoslynAnalysisRunner has terminated.
Mono: successfully reloaded assembly
- Completed reload, in  1.566 seconds
Platform modules already initialized, skipping
Refreshing native plugins compatible for Editor in 1.09 ms, found 0 plugins.
Preloading 0 native plugins for Editor in 0.00 ms.
Unloading 1958 Unused Serialized files (Serialized files now loaded: 0)
System memory in use before: 199.2 MB.
System memory in use after: 199.1 MB.

Unloading 10 unused Assets to reduce memory usage. Loaded Objects now: 2512.
Total: 4.064608 ms (FindLiveObjects: 0.411074 ms CreateObjectMapping: 0.107292 ms MarkObjects: 3.272788 ms  DeleteObjects: 0.271670 ms)

========================================================================
Received Import Request.
  Time since last request: 948.383832 seconds.
  path: Assets/Character_Elf/Mesh/Shooting FlyingFrwrd0.anim
  artifactKey: Guid(bcb201187ef253f419420416bbc71724) Importer(815301076,1909f56bfc062723c751e8b465ee728b)
Start importing Assets/Character_Elf/Mesh/Shooting FlyingFrwrd0.anim using Guid(bcb201187ef253f419420416bbc71724) Importer(815301076,1909f56bfc062723c751e8b465ee728b)  -> (artifact id: 'f945f273368ae7fe77112891ca22c4e0') in 0.026298 seconds
  Import took 0.032895 seconds .

========================================================================
Received Import Request.
  Time since last request: 393.926042 seconds.
  path: Assets/Character_Elf/Mesh/New Animator Controller 1.controller
  artifactKey: Guid(3947b377792a38b4f8f9f4bbc9b60ca7) Importer(815301076,1909f56bfc062723c751e8b465ee728b)
Start importing Assets/Character_Elf/Mesh/New Animator Controller 1.controller using Guid(3947b377792a38b4f8f9f4bbc9b60ca7) Importer(815301076,1909f56bfc062723c751e8b465ee728b)  -> (artifact id: 'f3ce842f6acc3b661aec751f0fc75439') in 0.121411 seconds
  Import took 0.129504 seconds .

========================================================================
Received Prepare
Registering precompiled user dll's ...
Registered in 0.002306 seconds.
Begin MonoManager ReloadAssembly
Native extension for WindowsStandalone target not found
Refreshing native plugins compatible for Editor in 1.10 ms, found 0 plugins.
Preloading 0 native plugins for Editor in 0.00 ms.
Warning: Annotation not found!
UnityEngine.StackTraceUtility:ExtractStackTrace ()
UnityEditor.ProBuilder.EditorUtility:SetGizmoIconEnabled (System.Type,bool) (at Library/PackageCache/com.unity.probuilder@5.0.1/Editor/EditorCore/EditorUtility.cs:575)
UnityEditor.ProBuilder.HierarchyListener:.cctor () (at Library/PackageCache/com.unity.probuilder@5.0.1/Editor/EditorCore/HierarchyListener.cs:21)
System.Runtime.CompilerServices.RuntimeHelpers:RunClassConstructor (System.RuntimeTypeHandle)
UnityEditor.EditorAssemblies:ProcessInitializeOnLoadAttributes (System.Type[])

[Library/PackageCache/com.unity.probuilder@5.0.1/Editor/EditorCore/EditorUtility.cs line 575]

Invoked RoslynAnalysisRunner static constructor.
RoslynAnalysisRunner will not be running.
RoslynAnalysisRunner has terminated.
Mono: successfully reloaded assembly
- Completed reload, in  1.657 seconds
Platform modules already initialized, skipping
Refreshing native plugins compatible for Editor in 1.14 ms, found 0 plugins.
Preloading 0 native plugins for Editor in 0.00 ms.
Unloading 1958 Unused Serialized files (Serialized files now loaded: 0)
System memory in use before: 199.3 MB.
System memory in use after: 199.1 MB.

Unloading 10 unused Assets to reduce memory usage. Loaded Objects now: 2515.
Total: 5.168874 ms (FindLiveObjects: 0.949572 ms CreateObjectMapping: 0.175082 ms MarkObjects: 3.752161 ms  DeleteObjects: 0.290529 ms)

========================================================================
Received Import Request.
  Time since last request: 298.870868 seconds.
  path: Assets/Character_Elf/Mesh/FlyingFrwrd.anim
  artifactKey: Guid(842acad8883ff184085edff7676aae22) Importer(815301076,1909f56bfc062723c751e8b465ee728b)
Start importing Assets/Character_Elf/Mesh/FlyingFrwrd.anim using Guid(842acad8883ff184085edff7676aae22) Importer(815301076,1909f56bfc062723c751e8b465ee728b)  -> (artifact id: 'ec08a613c47b43df6d5c9f4dcf22c550') in 0.020352 seconds
  Import took 0.025907 seconds .

========================================================================
Received Prepare
Registering precompiled user dll's ...
Registered in 0.002229 seconds.
Begin MonoManager ReloadAssembly
Native extension for WindowsStandalone target not found
Refreshing native plugins compatible for Editor in 1.05 ms, found 0 plugins.
Preloading 0 native plugins for Editor in 0.00 ms.
Warning: Annotation not found!
UnityEngine.StackTraceUtility:ExtractStackTrace ()
UnityEditor.ProBuilder.EditorUtility:SetGizmoIconEnabled (System.Type,bool) (at Library/PackageCache/com.unity.probuilder@5.0.1/Editor/EditorCore/EditorUtility.cs:575)
UnityEditor.ProBuilder.HierarchyListener:.cctor () (at Library/PackageCache/com.unity.probuilder@5.0.1/Editor/EditorCore/HierarchyListener.cs:21)
System.Runtime.CompilerServices.RuntimeHelpers:RunClassConstructor (System.RuntimeTypeHandle)
UnityEditor.EditorAssemblies:ProcessInitializeOnLoadAttributes (System.Type[])

[Library/PackageCache/com.unity.probuilder@5.0.1/Editor/EditorCore/EditorUtility.cs line 575]

Invoked RoslynAnalysisRunner static constructor.
RoslynAnalysisRunner will not be running.
RoslynAnalysisRunner has terminated.
Mono: successfully reloaded assembly
- Completed reload, in  1.487 seconds
Platform modules already initialized, skipping
Refreshing native plugins compatible for Editor in 1.13 ms, found 0 plugins.
Preloading 0 native plugins for Editor in 0.00 ms.
Unloading 1958 Unused Serialized files (Serialized files now loaded: 0)
System memory in use before: 199.3 MB.
System memory in use after: 199.1 MB.

Unloading 10 unused Assets to reduce memory usage. Loaded Objects now: 2518.
Total: 3.983820 ms (FindLiveObjects: 0.514033 ms CreateObjectMapping: 0.123348 ms MarkObjects: 3.056675 ms  DeleteObjects: 0.288745 ms)

========================================================================
Received Prepare
Registering precompiled user dll's ...
Registered in 0.002424 seconds.
Begin MonoManager ReloadAssembly
Native extension for WindowsStandalone target not found
Refreshing native plugins compatible for Editor in 1.05 ms, found 0 plugins.
Preloading 0 native plugins for Editor in 0.00 ms.
Warning: Annotation not found!
UnityEngine.StackTraceUtility:ExtractStackTrace ()
UnityEditor.ProBuilder.EditorUtility:SetGizmoIconEnabled (System.Type,bool) (at Library/PackageCache/com.unity.probuilder@5.0.1/Editor/EditorCore/EditorUtility.cs:575)
UnityEditor.ProBuilder.HierarchyListener:.cctor () (at Library/PackageCache/com.unity.probuilder@5.0.1/Editor/EditorCore/HierarchyListener.cs:21)
System.Runtime.CompilerServices.RuntimeHelpers:RunClassConstructor (System.RuntimeTypeHandle)
UnityEditor.EditorAssemblies:ProcessInitializeOnLoadAttributes (System.Type[])

[Library/PackageCache/com.unity.probuilder@5.0.1/Editor/EditorCore/EditorUtility.cs line 575]

Invoked RoslynAnalysisRunner static constructor.
RoslynAnalysisRunner will not be running.
RoslynAnalysisRunner has terminated.
Mono: successfully reloaded assembly
- Completed reload, in  1.533 seconds
Platform modules already initialized, skipping
Refreshing native plugins compatible for Editor in 1.04 ms, found 0 plugins.
Preloading 0 native plugins for Editor in 0.00 ms.
Unloading 1958 Unused Serialized files (Serialized files now loaded: 0)
System memory in use before: 199.3 MB.
System memory in use after: 199.1 MB.

Unloading 10 unused Assets to reduce memory usage. Loaded Objects now: 2521.
Total: 3.674941 ms (FindLiveObjects: 0.379217 ms CreateObjectMapping: 0.103214 ms MarkObjects: 2.913704 ms  DeleteObjects: 0.277532 ms)

AssetImportWorkerClient::OnTransportError - code=2 error=End of file
